{"timestamp": "2025-09-19T15:34:51.580308+00:00", "level": "INFO", "logger": "memorizer", "message": "Logging system initialized", "module": "logging_config", "function": "setup_logging", "line": 287, "log_level": "DEBUG", "log_format": "json", "log_aggregation": "false"}
{"timestamp": "2025-09-19T15:34:51.599914+00:00", "level": "ERROR", "logger": "src.performance_monitor", "message": "Error collecting system metrics: (pid=20637)", "module": "performance_monitor", "function": "_collect_system_metrics", "line": 324}
{"timestamp": "2025-09-19T15:46:10.176148+00:00", "level": "INFO", "logger": "memorizer", "message": "Logging system initialized", "module": "logging_config", "function": "setup_logging", "line": 287, "log_level": "INFO", "log_format": "json", "log_aggregation": "false"}
{"timestamp": "2025-09-19T15:46:31.259639+00:00", "level": "INFO", "logger": "memorizer", "message": "Logging system initialized", "module": "logging_config", "function": "setup_logging", "line": 287, "log_level": "INFO", "log_format": "json", "log_aggregation": "false"}
{"timestamp": "2025-09-26T13:52:13.732628+00:00", "level": "INFO", "logger": "memorizer", "message": "Logging system initialized", "module": "logging_config", "function": "setup_logging", "line": 287, "log_level": "INFO", "log_format": "json", "log_aggregation": "false"}
{"timestamp": "2025-09-26T13:54:12.080635+00:00", "level": "INFO", "logger": "memorizer", "message": "Logging system initialized", "module": "logging_config", "function": "setup_logging", "line": 287, "log_level": "INFO", "log_format": "json", "log_aggregation": "false"}
{"timestamp": "2025-09-26T13:56:05.776729+00:00", "level": "INFO", "logger": "memorizer", "message": "Logging system initialized", "module": "logging_config", "function": "setup_logging", "line": 287, "log_level": "INFO", "log_format": "json", "log_aggregation": "false"}
{"timestamp": "2025-09-26T13:56:50.170448+00:00", "level": "INFO", "logger": "memorizer", "message": "Logging system initialized", "module": "logging_config", "function": "setup_logging", "line": 287, "log_level": "INFO", "log_format": "json", "log_aggregation": "false"}
{"timestamp": "2025-09-26T13:56:50.192637+00:00", "level": "WARNING", "logger": "memorizer.builtins", "message": "Failed to import storage components: No module named 'memorizer.builtins.storage'", "module": "__init__", "function": "<module>", "line": 13}
{"timestamp": "2025-09-26T13:56:50.192907+00:00", "level": "WARNING", "logger": "memorizer.builtins", "message": "Failed to import retriever components: No module named 'memorizer.builtins.retrievers'", "module": "__init__", "function": "<module>", "line": 18}
{"timestamp": "2025-09-26T13:56:50.193427+00:00", "level": "WARNING", "logger": "memorizer.builtins", "message": "Failed to import summarizer components: No module named 'memorizer.builtins.summarizers'", "module": "__init__", "function": "<module>", "line": 23}
{"timestamp": "2025-09-26T13:56:50.193656+00:00", "level": "WARNING", "logger": "memorizer.builtins", "message": "Failed to import vector store components: No module named 'memorizer.builtins.vector_stores'", "module": "__init__", "function": "<module>", "line": 28}
{"timestamp": "2025-09-26T13:56:50.193821+00:00", "level": "WARNING", "logger": "memorizer.builtins", "message": "Failed to import embedding provider components: No module named 'memorizer.builtins.embedding_providers'", "module": "__init__", "function": "<module>", "line": 33}
{"timestamp": "2025-09-26T13:56:50.194197+00:00", "level": "WARNING", "logger": "memorizer.builtins", "message": "Failed to import cache components: No module named 'memorizer.builtins.cache'", "module": "__init__", "function": "<module>", "line": 38}
{"timestamp": "2025-09-26T13:56:50.194334+00:00", "level": "WARNING", "logger": "memorizer.builtins", "message": "Failed to import task runner components: No module named 'memorizer.builtins.task_runners'", "module": "__init__", "function": "<module>", "line": 43}
{"timestamp": "2025-09-26T13:56:50.194402+00:00", "level": "WARNING", "logger": "memorizer.builtins", "message": "Failed to import filter components: No module named 'memorizer.builtins.filters'", "module": "__init__", "function": "<module>", "line": 48}
{"timestamp": "2025-09-26T13:56:50.194468+00:00", "level": "WARNING", "logger": "memorizer.builtins", "message": "Failed to import scorer components: No module named 'memorizer.builtins.scorers'", "module": "__init__", "function": "<module>", "line": 53}
{"timestamp": "2025-09-27T12:26:16.393043+00:00", "level": "INFO", "logger": "memorizer", "message": "Logging system initialized", "module": "logging_config", "function": "setup_logging", "line": 287, "log_level": "INFO", "log_format": "json", "log_aggregation": "false"}
{"timestamp": "2025-09-27T12:26:16.419208+00:00", "level": "WARNING", "logger": "memorizer.builtins", "message": "Failed to import storage components: No module named 'memorizer.builtins.storage'", "module": "__init__", "function": "<module>", "line": 13}
{"timestamp": "2025-09-27T12:26:16.419763+00:00", "level": "WARNING", "logger": "memorizer.builtins", "message": "Failed to import retriever components: No module named 'memorizer.builtins.retrievers'", "module": "__init__", "function": "<module>", "line": 18}
{"timestamp": "2025-09-27T12:26:16.419924+00:00", "level": "WARNING", "logger": "memorizer.builtins", "message": "Failed to import summarizer components: No module named 'memorizer.builtins.summarizers'", "module": "__init__", "function": "<module>", "line": 23}
{"timestamp": "2025-09-27T12:26:16.420064+00:00", "level": "WARNING", "logger": "memorizer.builtins", "message": "Failed to import vector store components: No module named 'memorizer.builtins.vector_stores'", "module": "__init__", "function": "<module>", "line": 28}
{"timestamp": "2025-09-27T12:26:16.420147+00:00", "level": "WARNING", "logger": "memorizer.builtins", "message": "Failed to import embedding provider components: No module named 'memorizer.builtins.embedding_providers'", "module": "__init__", "function": "<module>", "line": 33}
{"timestamp": "2025-09-27T12:26:16.420213+00:00", "level": "WARNING", "logger": "memorizer.builtins", "message": "Failed to import cache components: No module named 'memorizer.builtins.cache'", "module": "__init__", "function": "<module>", "line": 38}
{"timestamp": "2025-09-27T12:26:16.420345+00:00", "level": "WARNING", "logger": "memorizer.builtins", "message": "Failed to import task runner components: No module named 'memorizer.builtins.task_runners'", "module": "__init__", "function": "<module>", "line": 43}
{"timestamp": "2025-09-27T12:26:16.420456+00:00", "level": "WARNING", "logger": "memorizer.builtins", "message": "Failed to import filter components: No module named 'memorizer.builtins.filters'", "module": "__init__", "function": "<module>", "line": 48}
{"timestamp": "2025-09-27T12:26:16.420514+00:00", "level": "WARNING", "logger": "memorizer.builtins", "message": "Failed to import scorer components: No module named 'memorizer.builtins.scorers'", "module": "__init__", "function": "<module>", "line": 53}
{"timestamp": "2025-09-27T13:52:51.518531+00:00", "level": "INFO", "logger": "memorizer", "message": "Logging system initialized", "module": "logging_config", "function": "setup_logging", "line": 287, "log_level": "INFO", "log_format": "json", "log_aggregation": "false"}
{"timestamp": "2025-09-27T13:52:51.542186+00:00", "level": "WARNING", "logger": "memorizer.builtins", "message": "Failed to import storage components: No module named 'memorizer.builtins.storage'", "module": "__init__", "function": "<module>", "line": 13}
{"timestamp": "2025-09-27T13:52:51.542339+00:00", "level": "WARNING", "logger": "memorizer.builtins", "message": "Failed to import retriever components: No module named 'memorizer.builtins.retrievers'", "module": "__init__", "function": "<module>", "line": 18}
{"timestamp": "2025-09-27T13:52:51.542411+00:00", "level": "WARNING", "logger": "memorizer.builtins", "message": "Failed to import summarizer components: No module named 'memorizer.builtins.summarizers'", "module": "__init__", "function": "<module>", "line": 23}
{"timestamp": "2025-09-27T13:52:51.546360+00:00", "level": "WARNING", "logger": "memorizer.builtins", "message": "Failed to import vector store components: No module named 'memorizer.builtins.vector_stores'", "module": "__init__", "function": "<module>", "line": 28}
{"timestamp": "2025-09-27T13:52:51.546436+00:00", "level": "WARNING", "logger": "memorizer.builtins", "message": "Failed to import embedding provider components: No module named 'memorizer.builtins.embedding_providers'", "module": "__init__", "function": "<module>", "line": 33}
{"timestamp": "2025-09-27T13:52:51.546495+00:00", "level": "WARNING", "logger": "memorizer.builtins", "message": "Failed to import cache components: No module named 'memorizer.builtins.cache'", "module": "__init__", "function": "<module>", "line": 38}
{"timestamp": "2025-09-27T13:52:51.546555+00:00", "level": "WARNING", "logger": "memorizer.builtins", "message": "Failed to import task runner components: No module named 'memorizer.builtins.task_runners'", "module": "__init__", "function": "<module>", "line": 43}
{"timestamp": "2025-09-27T13:52:51.546608+00:00", "level": "WARNING", "logger": "memorizer.builtins", "message": "Failed to import filter components: No module named 'memorizer.builtins.filters'", "module": "__init__", "function": "<module>", "line": 48}
{"timestamp": "2025-09-27T13:52:51.546655+00:00", "level": "WARNING", "logger": "memorizer.builtins", "message": "Failed to import scorer components: No module named 'memorizer.builtins.scorers'", "module": "__init__", "function": "<module>", "line": 53}
{"timestamp": "2025-09-27T14:10:55.250294+00:00", "level": "INFO", "logger": "memorizer", "message": "Logging system initialized", "module": "logging_config", "function": "setup_logging", "line": 287, "log_level": "INFO", "log_format": "json", "log_aggregation": "false"}
{"timestamp": "2025-09-27T14:12:57.191142+00:00", "level": "INFO", "logger": "memorizer", "message": "Logging system initialized", "module": "logging_config", "function": "setup_logging", "line": 287, "log_level": "INFO", "log_format": "json", "log_aggregation": "false"}
{"timestamp": "2025-09-27T14:13:27.249843+00:00", "level": "INFO", "logger": "memorizer", "message": "Logging system initialized", "module": "logging_config", "function": "setup_logging", "line": 287, "log_level": "INFO", "log_format": "json", "log_aggregation": "false"}
{"timestamp": "2025-09-27T14:15:59.334622+00:00", "level": "INFO", "logger": "memorizer", "message": "Logging system initialized", "module": "logging_config", "function": "setup_logging", "line": 287, "log_level": "INFO", "log_format": "json", "log_aggregation": "false"}
{"timestamp": "2025-09-27T14:15:59.529113+00:00", "level": "INFO", "logger": "memorizer.core.registry", "message": "Built-in components registered", "module": "registry", "function": "_register_builtins", "line": 101}
{"timestamp": "2025-09-27T14:15:59.529276+00:00", "level": "INFO", "logger": "memorizer.core.registry", "message": "Component registry initialized", "module": "registry", "function": "__init__", "line": 24}
{"timestamp": "2025-09-27T14:15:59.529344+00:00", "level": "ERROR", "logger": "memorizer.core.registry", "message": "Failed to create instance of storage:memory: MemoryStorage.__init__() takes 1 positional argument but 2 were given", "module": "registry", "function": "get_instance", "line": 176}
{"timestamp": "2025-09-27T14:15:59.529593+00:00", "level": "ERROR", "logger": "memorizer.core.framework", "message": "Failed to initialize components: Failed to initialize component storage:memory", "module": "framework", "function": "_initialize_components", "line": 69}
{"timestamp": "2025-09-27T14:17:20.282208+00:00", "level": "INFO", "logger": "memorizer", "message": "Logging system initialized", "module": "logging_config", "function": "setup_logging", "line": 287, "log_level": "INFO", "log_format": "json", "log_aggregation": "false"}
{"timestamp": "2025-09-27T14:17:20.556136+00:00", "level": "INFO", "logger": "memorizer.core.registry", "message": "Built-in components registered", "module": "registry", "function": "_register_builtins", "line": 101}
{"timestamp": "2025-09-27T14:17:20.556279+00:00", "level": "INFO", "logger": "memorizer.core.registry", "message": "Component registry initialized", "module": "registry", "function": "__init__", "line": 24}
{"timestamp": "2025-09-27T14:17:20.556344+00:00", "level": "INFO", "logger": "memorizer.core.framework", "message": "Storage initialized: memory", "module": "framework", "function": "_initialize_components", "line": 34}
{"timestamp": "2025-09-27T14:17:20.556395+00:00", "level": "INFO", "logger": "memorizer.core.framework", "message": "Cache initialized: memory", "module": "framework", "function": "_initialize_components", "line": 38}
{"timestamp": "2025-09-27T14:17:20.556438+00:00", "level": "INFO", "logger": "memorizer.core.framework", "message": "Retriever initialized: keyword", "module": "framework", "function": "_initialize_components", "line": 42}
{"timestamp": "2025-09-27T14:17:20.556482+00:00", "level": "INFO", "logger": "memorizer.core.framework", "message": "Summarizer initialized: mock", "module": "framework", "function": "_initialize_components", "line": 46}
{"timestamp": "2025-09-27T14:17:20.556844+00:00", "level": "INFO", "logger": "memorizer.core.framework", "message": "PII filter initialized: basic", "module": "framework", "function": "_initialize_components", "line": 50}
{"timestamp": "2025-09-27T14:17:20.556959+00:00", "level": "INFO", "logger": "memorizer.core.framework", "message": "Scorer initialized: simple", "module": "framework", "function": "_initialize_components", "line": 54}
{"timestamp": "2025-09-27T14:17:20.557020+00:00", "level": "INFO", "logger": "memorizer.core.framework", "message": "Task runner initialized: thread", "module": "framework", "function": "_initialize_components", "line": 58}
{"timestamp": "2025-09-27T14:17:20.557063+00:00", "level": "INFO", "logger": "memorizer.core.framework", "message": "Embedding provider initialized: mock", "module": "framework", "function": "_initialize_components", "line": 62}
{"timestamp": "2025-09-27T14:17:20.557101+00:00", "level": "INFO", "logger": "memorizer.core.framework", "message": "Vector store initialized: memory", "module": "framework", "function": "_initialize_components", "line": 66}
{"timestamp": "2025-09-27T14:17:20.557139+00:00", "level": "INFO", "logger": "memorizer.memory.memory_manager", "message": "Framework memory manager initialized", "module": "memory_manager", "function": "__init__", "line": 29}
{"timestamp": "2025-09-27T14:17:45.496226+00:00", "level": "INFO", "logger": "memorizer", "message": "Logging system initialized", "module": "logging_config", "function": "setup_logging", "line": 287, "log_level": "INFO", "log_format": "json", "log_aggregation": "false"}
{"timestamp": "2025-09-27T14:17:45.678465+00:00", "level": "INFO", "logger": "memorizer.core.registry", "message": "Built-in components registered", "module": "registry", "function": "_register_builtins", "line": 101}
{"timestamp": "2025-09-27T14:17:45.678696+00:00", "level": "INFO", "logger": "memorizer.core.registry", "message": "Component registry initialized", "module": "registry", "function": "__init__", "line": 24}
{"timestamp": "2025-09-27T14:17:45.678852+00:00", "level": "INFO", "logger": "memorizer.core.framework", "message": "Storage initialized: memory", "module": "framework", "function": "_initialize_components", "line": 34}
{"timestamp": "2025-09-27T14:17:45.678913+00:00", "level": "INFO", "logger": "memorizer.core.framework", "message": "Cache initialized: memory", "module": "framework", "function": "_initialize_components", "line": 38}
{"timestamp": "2025-09-27T14:17:45.678958+00:00", "level": "INFO", "logger": "memorizer.core.framework", "message": "Retriever initialized: keyword", "module": "framework", "function": "_initialize_components", "line": 42}
{"timestamp": "2025-09-27T14:17:45.679004+00:00", "level": "INFO", "logger": "memorizer.core.framework", "message": "Summarizer initialized: mock", "module": "framework", "function": "_initialize_components", "line": 46}
{"timestamp": "2025-09-27T14:17:45.679310+00:00", "level": "INFO", "logger": "memorizer.core.framework", "message": "PII filter initialized: basic", "module": "framework", "function": "_initialize_components", "line": 50}
{"timestamp": "2025-09-27T14:17:45.679370+00:00", "level": "INFO", "logger": "memorizer.core.framework", "message": "Scorer initialized: simple", "module": "framework", "function": "_initialize_components", "line": 54}
{"timestamp": "2025-09-27T14:17:45.679425+00:00", "level": "INFO", "logger": "memorizer.core.framework", "message": "Task runner initialized: thread", "module": "framework", "function": "_initialize_components", "line": 58}
{"timestamp": "2025-09-27T14:17:45.679465+00:00", "level": "INFO", "logger": "memorizer.core.framework", "message": "Embedding provider initialized: mock", "module": "framework", "function": "_initialize_components", "line": 62}
{"timestamp": "2025-09-27T14:17:45.679503+00:00", "level": "INFO", "logger": "memorizer.core.framework", "message": "Vector store initialized: memory", "module": "framework", "function": "_initialize_components", "line": 66}
{"timestamp": "2025-09-27T14:17:45.679539+00:00", "level": "INFO", "logger": "memorizer.memory.memory_manager", "message": "Framework memory manager initialized", "module": "memory_manager", "function": "__init__", "line": 29}
{"timestamp": "2025-09-27T14:18:35.925654+00:00", "level": "INFO", "logger": "memorizer", "message": "Logging system initialized", "module": "logging_config", "function": "setup_logging", "line": 287, "log_level": "INFO", "log_format": "json", "log_aggregation": "false"}
{"timestamp": "2025-09-27T14:18:36.136861+00:00", "level": "INFO", "logger": "memorizer.core.registry", "message": "Built-in components registered", "module": "registry", "function": "_register_builtins", "line": 101}
{"timestamp": "2025-09-27T14:18:36.137074+00:00", "level": "INFO", "logger": "memorizer.core.registry", "message": "Component registry initialized", "module": "registry", "function": "__init__", "line": 24}
{"timestamp": "2025-09-27T14:18:36.137167+00:00", "level": "INFO", "logger": "memorizer.core.framework", "message": "Storage initialized: memory", "module": "framework", "function": "_initialize_components", "line": 34}
{"timestamp": "2025-09-27T14:18:36.137221+00:00", "level": "INFO", "logger": "memorizer.core.framework", "message": "Cache initialized: memory", "module": "framework", "function": "_initialize_components", "line": 38}
{"timestamp": "2025-09-27T14:18:36.137267+00:00", "level": "INFO", "logger": "memorizer.core.framework", "message": "Retriever initialized: keyword", "module": "framework", "function": "_initialize_components", "line": 42}
{"timestamp": "2025-09-27T14:18:36.137313+00:00", "level": "INFO", "logger": "memorizer.core.framework", "message": "Summarizer initialized: mock", "module": "framework", "function": "_initialize_components", "line": 46}
{"timestamp": "2025-09-27T14:18:36.137650+00:00", "level": "INFO", "logger": "memorizer.core.framework", "message": "PII filter initialized: basic", "module": "framework", "function": "_initialize_components", "line": 50}
{"timestamp": "2025-09-27T14:18:36.137705+00:00", "level": "INFO", "logger": "memorizer.core.framework", "message": "Scorer initialized: simple", "module": "framework", "function": "_initialize_components", "line": 54}
{"timestamp": "2025-09-27T14:18:36.137775+00:00", "level": "INFO", "logger": "memorizer.core.framework", "message": "Task runner initialized: thread", "module": "framework", "function": "_initialize_components", "line": 58}
{"timestamp": "2025-09-27T14:18:36.137823+00:00", "level": "INFO", "logger": "memorizer.core.framework", "message": "Embedding provider initialized: mock", "module": "framework", "function": "_initialize_components", "line": 62}
{"timestamp": "2025-09-27T14:18:36.137866+00:00", "level": "INFO", "logger": "memorizer.core.framework", "message": "Vector store initialized: memory", "module": "framework", "function": "_initialize_components", "line": 66}
{"timestamp": "2025-09-27T14:18:36.137906+00:00", "level": "INFO", "logger": "memorizer.memory.memory_manager", "message": "Framework memory manager initialized", "module": "memory_manager", "function": "__init__", "line": 29}
{"timestamp": "2025-09-27T14:18:36.137986+00:00", "level": "ERROR", "logger": "memorizer.memory.memory_manager", "message": "Failed to store memory: 'MemoryStorage' object has no attribute 'store'", "module": "memory_manager", "function": "store_memory", "line": 79}
{"timestamp": "2025-09-27T14:19:36.103595+00:00", "level": "INFO", "logger": "memorizer", "message": "Logging system initialized", "module": "logging_config", "function": "setup_logging", "line": 287, "log_level": "INFO", "log_format": "json", "log_aggregation": "false"}
{"timestamp": "2025-09-27T14:19:36.298948+00:00", "level": "INFO", "logger": "memorizer.core.registry", "message": "Built-in components registered", "module": "registry", "function": "_register_builtins", "line": 101}
{"timestamp": "2025-09-27T14:19:36.299092+00:00", "level": "INFO", "logger": "memorizer.core.registry", "message": "Component registry initialized", "module": "registry", "function": "__init__", "line": 24}
{"timestamp": "2025-09-27T14:19:36.299161+00:00", "level": "INFO", "logger": "memorizer.core.framework", "message": "Storage initialized: memory", "module": "framework", "function": "_initialize_components", "line": 34}
{"timestamp": "2025-09-27T14:19:36.299219+00:00", "level": "INFO", "logger": "memorizer.core.framework", "message": "Cache initialized: memory", "module": "framework", "function": "_initialize_components", "line": 38}
{"timestamp": "2025-09-27T14:19:36.299266+00:00", "level": "INFO", "logger": "memorizer.core.framework", "message": "Retriever initialized: keyword", "module": "framework", "function": "_initialize_components", "line": 42}
{"timestamp": "2025-09-27T14:19:36.299333+00:00", "level": "INFO", "logger": "memorizer.core.framework", "message": "Summarizer initialized: mock", "module": "framework", "function": "_initialize_components", "line": 46}
{"timestamp": "2025-09-27T14:19:36.300274+00:00", "level": "INFO", "logger": "memorizer.core.framework", "message": "PII filter initialized: basic", "module": "framework", "function": "_initialize_components", "line": 50}
{"timestamp": "2025-09-27T14:19:36.300372+00:00", "level": "INFO", "logger": "memorizer.core.framework", "message": "Scorer initialized: simple", "module": "framework", "function": "_initialize_components", "line": 54}
{"timestamp": "2025-09-27T14:19:36.300436+00:00", "level": "INFO", "logger": "memorizer.core.framework", "message": "Task runner initialized: thread", "module": "framework", "function": "_initialize_components", "line": 58}
{"timestamp": "2025-09-27T14:19:36.300483+00:00", "level": "INFO", "logger": "memorizer.core.framework", "message": "Embedding provider initialized: mock", "module": "framework", "function": "_initialize_components", "line": 62}
{"timestamp": "2025-09-27T14:19:36.300525+00:00", "level": "INFO", "logger": "memorizer.core.framework", "message": "Vector store initialized: memory", "module": "framework", "function": "_initialize_components", "line": 66}
{"timestamp": "2025-09-27T14:19:36.300567+00:00", "level": "INFO", "logger": "memorizer.memory.memory_manager", "message": "Framework memory manager initialized", "module": "memory_manager", "function": "__init__", "line": 29}
{"timestamp": "2025-09-27T14:19:36.301631+00:00", "level": "ERROR", "logger": "memorizer.memory.memory_manager", "message": "Failed to store memory: 1 validation error for Memory\nupdated_at\n  Input should be a valid number [type=float_type, input_value=datetime.datetime(2025, 9, 27, 15, 19, 36, 300621), input_type=datetime]\n    For further information visit https://errors.pydantic.dev/2.10/v/float_type", "module": "memory_manager", "function": "store_memory", "line": 79}
{"timestamp": "2025-09-27T14:20:08.311649+00:00", "level": "INFO", "logger": "memorizer", "message": "Logging system initialized", "module": "logging_config", "function": "setup_logging", "line": 287, "log_level": "INFO", "log_format": "json", "log_aggregation": "false"}
{"timestamp": "2025-09-27T14:20:08.527845+00:00", "level": "INFO", "logger": "memorizer.core.registry", "message": "Built-in components registered", "module": "registry", "function": "_register_builtins", "line": 101}
{"timestamp": "2025-09-27T14:20:08.528007+00:00", "level": "INFO", "logger": "memorizer.core.registry", "message": "Component registry initialized", "module": "registry", "function": "__init__", "line": 24}
{"timestamp": "2025-09-27T14:20:08.528075+00:00", "level": "INFO", "logger": "memorizer.core.framework", "message": "Storage initialized: memory", "module": "framework", "function": "_initialize_components", "line": 34}
{"timestamp": "2025-09-27T14:20:08.528125+00:00", "level": "INFO", "logger": "memorizer.core.framework", "message": "Cache initialized: memory", "module": "framework", "function": "_initialize_components", "line": 38}
{"timestamp": "2025-09-27T14:20:08.528167+00:00", "level": "INFO", "logger": "memorizer.core.framework", "message": "Retriever initialized: keyword", "module": "framework", "function": "_initialize_components", "line": 42}
{"timestamp": "2025-09-27T14:20:08.528211+00:00", "level": "INFO", "logger": "memorizer.core.framework", "message": "Summarizer initialized: mock", "module": "framework", "function": "_initialize_components", "line": 46}
{"timestamp": "2025-09-27T14:20:08.528567+00:00", "level": "INFO", "logger": "memorizer.core.framework", "message": "PII filter initialized: basic", "module": "framework", "function": "_initialize_components", "line": 50}
{"timestamp": "2025-09-27T14:20:08.528641+00:00", "level": "INFO", "logger": "memorizer.core.framework", "message": "Scorer initialized: simple", "module": "framework", "function": "_initialize_components", "line": 54}
{"timestamp": "2025-09-27T14:20:08.528700+00:00", "level": "INFO", "logger": "memorizer.core.framework", "message": "Task runner initialized: thread", "module": "framework", "function": "_initialize_components", "line": 58}
{"timestamp": "2025-09-27T14:20:08.528785+00:00", "level": "INFO", "logger": "memorizer.core.framework", "message": "Embedding provider initialized: mock", "module": "framework", "function": "_initialize_components", "line": 62}
{"timestamp": "2025-09-27T14:20:08.528840+00:00", "level": "INFO", "logger": "memorizer.core.framework", "message": "Vector store initialized: memory", "module": "framework", "function": "_initialize_components", "line": 66}
{"timestamp": "2025-09-27T14:20:08.528885+00:00", "level": "INFO", "logger": "memorizer.memory.memory_manager", "message": "Framework memory manager initialized", "module": "memory_manager", "function": "__init__", "line": 29}
{"timestamp": "2025-09-27T14:20:08.528955+00:00", "level": "WARNING", "logger": "memorizer.memory.memory_manager", "message": "Failed to create embedding for memory mem_1758982808528_5420: 'MockEmbeddingProvider' object has no attribute 'get_embedding'", "module": "memory_manager", "function": "store_memory", "line": 73}
{"timestamp": "2025-09-27T14:20:08.529006+00:00", "level": "ERROR", "logger": "memorizer.memory.memory_manager", "message": "Failed to search memories: 'KeywordRetriever' object has no attribute 'retrieve'", "module": "memory_manager", "function": "search_memories", "line": 205}
{"timestamp": "2025-09-27T14:21:11.676626+00:00", "level": "INFO", "logger": "memorizer", "message": "Logging system initialized", "module": "logging_config", "function": "setup_logging", "line": 287, "log_level": "INFO", "log_format": "json", "log_aggregation": "false"}
{"timestamp": "2025-09-27T14:21:11.924889+00:00", "level": "INFO", "logger": "memorizer.core.registry", "message": "Built-in components registered", "module": "registry", "function": "_register_builtins", "line": 101}
{"timestamp": "2025-09-27T14:21:11.925339+00:00", "level": "INFO", "logger": "memorizer.core.registry", "message": "Component registry initialized", "module": "registry", "function": "__init__", "line": 24}
{"timestamp": "2025-09-27T14:21:11.925484+00:00", "level": "INFO", "logger": "memorizer.core.framework", "message": "Storage initialized: memory", "module": "framework", "function": "_initialize_components", "line": 34}
{"timestamp": "2025-09-27T14:21:11.925560+00:00", "level": "INFO", "logger": "memorizer.core.framework", "message": "Cache initialized: memory", "module": "framework", "function": "_initialize_components", "line": 38}
{"timestamp": "2025-09-27T14:21:11.925606+00:00", "level": "INFO", "logger": "memorizer.core.framework", "message": "Retriever initialized: keyword", "module": "framework", "function": "_initialize_components", "line": 42}
{"timestamp": "2025-09-27T14:21:11.925651+00:00", "level": "INFO", "logger": "memorizer.core.framework", "message": "Summarizer initialized: mock", "module": "framework", "function": "_initialize_components", "line": 46}
{"timestamp": "2025-09-27T14:21:11.926921+00:00", "level": "INFO", "logger": "memorizer.core.framework", "message": "PII filter initialized: basic", "module": "framework", "function": "_initialize_components", "line": 50}
{"timestamp": "2025-09-27T14:21:11.927673+00:00", "level": "INFO", "logger": "memorizer.core.framework", "message": "Scorer initialized: simple", "module": "framework", "function": "_initialize_components", "line": 54}
{"timestamp": "2025-09-27T14:21:11.929180+00:00", "level": "INFO", "logger": "memorizer.core.framework", "message": "Task runner initialized: thread", "module": "framework", "function": "_initialize_components", "line": 58}
{"timestamp": "2025-09-27T14:21:11.929677+00:00", "level": "INFO", "logger": "memorizer.core.framework", "message": "Embedding provider initialized: mock", "module": "framework", "function": "_initialize_components", "line": 62}
{"timestamp": "2025-09-27T14:21:11.930020+00:00", "level": "INFO", "logger": "memorizer.core.framework", "message": "Vector store initialized: memory", "module": "framework", "function": "_initialize_components", "line": 66}
{"timestamp": "2025-09-27T14:21:11.930245+00:00", "level": "INFO", "logger": "memorizer.memory.memory_manager", "message": "Framework memory manager initialized", "module": "memory_manager", "function": "__init__", "line": 29}
{"timestamp": "2025-09-27T14:21:11.931207+00:00", "level": "WARNING", "logger": "memorizer.memory.memory_manager", "message": "Failed to create embedding for memory mem_1758982871930_5425: 'MemoryVectorStore' object has no attribute 'insert_embedding'", "module": "memory_manager", "function": "store_memory", "line": 73}
{"timestamp": "2025-09-27T14:21:11.931443+00:00", "level": "INFO", "logger": "memorizer.core.framework", "message": "Shutting down Memorizer framework...", "module": "framework", "function": "shutdown", "line": 170}
{"timestamp": "2025-09-27T14:21:11.931514+00:00", "level": "INFO", "logger": "memorizer.builtins.task_runners", "message": "Thread task runner shutdown complete", "module": "task_runners", "function": "shutdown", "line": 120}
{"timestamp": "2025-09-27T14:21:11.931559+00:00", "level": "INFO", "logger": "memorizer.core.framework", "message": "Framework shutdown complete", "module": "framework", "function": "shutdown", "line": 180}
